#
# There is insufficient memory for the Java Runtime Environment to continue.
# Native memory allocation (malloc) failed to allocate 2031056 bytes for Chunk::new
# Possible reasons:
#   The system is out of physical RAM or swap space
#   The process is running with CompressedOops enabled, and the Java Heap may be blocking the growth of the native heap
# Possible solutions:
#   Reduce memory load on the system
#   Increase physical memory or swap space
#   Check if swap backing store is full
#   Decrease Java heap size (-Xmx/-Xms)
#   Decrease number of Java threads
#   Decrease Java thread stack sizes (-Xss)
#   Set larger code cache with -XX:ReservedCodeCacheSize=
#   JVM is running with Unscaled Compressed Oops mode in which the Java heap is
#     placed in the first 4GB address space. The Java Heap base address is the
#     maximum limit for the native heap growth. Please use -XX:HeapBaseMinAddress
#     to set the Java Heap base and to place the Java Heap above 4GB virtual address.
# This output file may be truncated or incomplete.
#
#  Out of Memory Error (arena.cpp:189), pid=15668, tid=2300
#
# JRE version: Java(TM) SE Runtime Environment (17.0.7+8) (build 17.0.7+8-LTS-224)
# Java VM: Java HotSpot(TM) 64-Bit Server VM (17.0.7+8-LTS-224, mixed mode, sharing, tiered, compressed oops, compressed class ptrs, g1 gc, windows-amd64)
# No core dump will be written. Minidumps are not enabled by default on client versions of Windows
#

---------------  S U M M A R Y ------------

Command Line: -javaagent:C:\Program Files\JetBrains\IntelliJ IDEA Community Edition 2023.2.5\lib\idea_rt.jar=63585:C:\Program Files\JetBrains\IntelliJ IDEA Community Edition 2023.2.5\bin -Dfile.encoding=UTF-8 org.example.Main

Host: 11th Gen Intel(R) Core(TM) i5-1135G7 @ 2.40GHz, 8 cores, 7G,  Windows 10 , 64 bit Build 19041 (10.0.19041.4957)
Time: Wed Dec 18 16:40:17 2024 RTZ 2 (s 10 , 64 bit Build 19041 (10.0.19041.4957) elapsed time: 4.670463 seconds (0d 0h 0m 4s)

---------------  T H R E A D  ---------------

Current thread (0x000002005b2be670):  JavaThread "C2 CompilerThread0" daemon [_thread_in_native, id=2300, stack(0x000000a97f000000,0x000000a97f100000)]


Current CompileTask:
C2:   4670 1623       4       java.lang.invoke.MethodType::makeImpl (109 bytes)

Stack: [0x000000a97f000000,0x000000a97f100000]
Native frames: (J=compiled Java code, j=interpreted, Vv=VM code, C=native code)
V  [jvm.dll+0x676a4a]
V  [jvm.dll+0x7d74f4]
V  [jvm.dll+0x7d8c9e]
V  [jvm.dll+0x7d9303]
V  [jvm.dll+0x2452c5]
V  [jvm.dll+0xaaa2b]
V  [jvm.dll+0xaafcc]
V  [jvm.dll+0x36141e]
V  [jvm.dll+0x32bba1]
V  [jvm.dll+0x32b03a]
V  [jvm.dll+0x217acf]
V  [jvm.dll+0x216f01]
V  [jvm.dll+0x1a35e0]
V  [jvm.dll+0x226a6e]
V  [jvm.dll+0x224e15]
V  [jvm.dll+0x78d05c]
V  [jvm.dll+0x78759a]
V  [jvm.dll+0x675875]
C  [ucrtbase.dll+0x21bb2]
C  [KERNEL32.DLL+0x17374]
C  [ntdll.dll+0x4cc91]


---------------  P R O C E S S  ---------------

Threads class SMR info:
_java_thread_list=0x000002005cabedf0, length=30, elements={
0x000002003d7c3670, 0x000002005b2994e0, 0x000002005b299da0, 0x000002005b2b2730,
0x000002005b2b2ff0, 0x000002005b2b60d0, 0x000002005b2b9060, 0x000002005b2be670,
0x000002005b2c7030, 0x000002005b2dc100, 0x000002005b2b9530, 0x000002005b2b7850,
0x000002005b2b6eb0, 0x000002005b2b69e0, 0x000002005b2b9ed0, 0x000002005b2b8b90,
0x000002005b2b7380, 0x000002005b2ba3a0, 0x000002005b2b7d20, 0x000002005b2b81f0,
0x000002005b2b86c0, 0x000002005cbade60, 0x000002005cbac180, 0x000002005cbae800,
0x000002005cbaae40, 0x000002005cbab310, 0x000002005cbae330, 0x000002005cbaecd0,
0x000002005cbab7e0, 0x000002005cbabcb0
}

Java Threads: ( => current thread )
  0x000002003d7c3670 JavaThread "Forwarding maximizeCurrentWindow on session 023f06f3c55faaa23b4b92ab5ac7bbdf to remote" [_thread_blocked, id=26428, stack(0x000000a97e300000,0x000000a97e400000)]
  0x000002005b2994e0 JavaThread "Reference Handler" daemon [_thread_blocked, id=12444, stack(0x000000a97ea00000,0x000000a97eb00000)]
  0x000002005b299da0 JavaThread "Finalizer" daemon [_thread_blocked, id=24656, stack(0x000000a97eb00000,0x000000a97ec00000)]
  0x000002005b2b2730 JavaThread "Signal Dispatcher" daemon [_thread_blocked, id=22060, stack(0x000000a97ec00000,0x000000a97ed00000)]
  0x000002005b2b2ff0 JavaThread "Attach Listener" daemon [_thread_blocked, id=20928, stack(0x000000a97ed00000,0x000000a97ee00000)]
  0x000002005b2b60d0 JavaThread "Service Thread" daemon [_thread_blocked, id=5784, stack(0x000000a97ee00000,0x000000a97ef00000)]
  0x000002005b2b9060 JavaThread "Monitor Deflation Thread" daemon [_thread_blocked, id=20960, stack(0x000000a97ef00000,0x000000a97f000000)]
=>0x000002005b2be670 JavaThread "C2 CompilerThread0" daemon [_thread_in_native, id=2300, stack(0x000000a97f000000,0x000000a97f100000)]
  0x000002005b2c7030 JavaThread "C1 CompilerThread0" daemon [_thread_blocked, id=25068, stack(0x000000a97f100000,0x000000a97f200000)]
  0x000002005b2dc100 JavaThread "Sweeper thread" daemon [_thread_blocked, id=11140, stack(0x000000a97f200000,0x000000a97f300000)]
  0x000002005b2b9530 JavaThread "Common-Cleaner" daemon [_thread_blocked, id=13236, stack(0x000000a97f300000,0x000000a97f400000)]
  0x000002005b2b7850 JavaThread "Monitor Ctrl-Break" daemon [_thread_in_native, id=22284, stack(0x000000a97f400000,0x000000a97f500000)]
  0x000002005b2b6eb0 JavaThread "Notification Thread" daemon [_thread_blocked, id=2860, stack(0x000000a97f500000,0x000000a97f600000)]
  0x000002005b2b69e0 JavaThread "ForkJoinPool.commonPool-worker-1" daemon [_thread_blocked, id=2988, stack(0x000000a97f700000,0x000000a97f800000)]
  0x000002005b2b9ed0 JavaThread "HttpClient-1-SelectorManager" daemon [_thread_in_native, id=7308, stack(0x000000a97f800000,0x000000a97f900000)]
  0x000002005b2b8b90 JavaThread "External Process Output Forwarder - C:\Users\ipichurin\.cache\selenium\chromedriver\win64\131.0.6778.108\chromedriver.exe" daemon [_thread_in_native, id=25164, stack(0x000000a97f900000,0x000000a97fa00000)]
  0x000002005b2b7380 JavaThread "Driver Service Executor" daemon [_thread_blocked, id=18820, stack(0x000000a97fa00000,0x000000a97fb00000)]
  0x000002005b2ba3a0 JavaThread "Driver Service Executor" daemon [_thread_in_native, id=20680, stack(0x000000a97fb00000,0x000000a97fc00000)]
  0x000002005b2b7d20 JavaThread "UrlChecker-2" daemon [_thread_blocked, id=21724, stack(0x000000a97fc00000,0x000000a97fd00000)]
  0x000002005b2b81f0 JavaThread "Keep-Alive-Timer" daemon [_thread_blocked, id=19012, stack(0x000000a97fe00000,0x000000a97ff00000)]
  0x000002005b2b86c0 JavaThread "JdkHttpClient-0-0" daemon [_thread_blocked, id=15200, stack(0x000000a97ff00000,0x000000a980000000)]
  0x000002005cbade60 JavaThread "CompletableFutureDelayScheduler" daemon [_thread_blocked, id=21400, stack(0x000000a900000000,0x000000a900100000)]
  0x000002005cbac180 JavaThread "JdkHttpClient-0-1" daemon [_thread_blocked, id=25696, stack(0x000000a900a00000,0x000000a900b00000)]
  0x000002005cbae800 JavaThread "JdkHttpClient-0-2" daemon [_thread_blocked, id=19332, stack(0x000000a900b00000,0x000000a900c00000)]
  0x000002005cbaae40 JavaThread "JdkHttpClient-0-3" daemon [_thread_blocked, id=8048, stack(0x000000a900c00000,0x000000a900d00000)]
  0x000002005cbab310 JavaThread "HttpClient-2-SelectorManager" daemon [_thread_in_native, id=17748, stack(0x000000a900d00000,0x000000a900e00000)]
  0x000002005cbae330 JavaThread "JdkHttpClient-1-0" daemon [_thread_blocked, id=19336, stack(0x000000a900e00000,0x000000a900f00000)]
  0x000002005cbaecd0 JavaThread "JdkHttpClient-1-1" daemon [_thread_blocked, id=12328, stack(0x000000a900f00000,0x000000a901000000)]
  0x000002005cbab7e0 JavaThread "JdkHttpClient-1-2" daemon [_thread_blocked, id=27368, stack(0x000000a901000000,0x000000a901100000)]
  0x000002005cbabcb0 JavaThread "JdkHttpClient-1-3" daemon [_thread_blocked, id=24024, stack(0x000000a901100000,0x000000a901200000)]

Other Threads:
  0x000002005b294c30 VMThread "VM Thread" [stack: 0x000000a97e900000,0x000000a97ea00000] [id=18708]
  0x000002005bf9c140 WatcherThread [stack: 0x000000a97f600000,0x000000a97f700000] [id=27160]
  0x000002003b70e1c0 GCTaskThread "GC Thread#0" [stack: 0x000000a97e400000,0x000000a97e500000] [id=15592]
  0x000002005cbc3cc0 GCTaskThread "GC Thread#1" [stack: 0x000000a900100000,0x000000a900200000] [id=3728]
  0x000002005cae8810 GCTaskThread "GC Thread#2" [stack: 0x000000a900200000,0x000000a900300000] [id=23744]
  0x000002005cae8ac0 GCTaskThread "GC Thread#3" [stack: 0x000000a900300000,0x000000a900400000] [id=8880]
  0x000002005cae9d80 GCTaskThread "GC Thread#4" [stack: 0x000000a900400000,0x000000a900500000] [id=20240]
  0x000002005caea030 GCTaskThread "GC Thread#5" [stack: 0x000000a900500000,0x000000a900600000] [id=14744]
  0x000002005caea2e0 GCTaskThread "GC Thread#6" [stack: 0x000000a900600000,0x000000a900700000] [id=25100]
  0x000002005caea9a0 GCTaskThread "GC Thread#7" [stack: 0x000000a900700000,0x000000a900800000] [id=20820]
  0x000002003b70eca0 ConcurrentGCThread "G1 Main Marker" [stack: 0x000000a97e500000,0x000000a97e600000] [id=5816]
  0x000002003d826380 ConcurrentGCThread "G1 Conc#0" [stack: 0x000000a97e600000,0x000000a97e700000] [id=26028]
  0x000002003d88ea50 ConcurrentGCThread "G1 Refine#0" [stack: 0x000000a97e700000,0x000000a97e800000] [id=26412]
  0x000002005becb8f0 ConcurrentGCThread "G1 Refine#1" [stack: 0x000000a900800000,0x000000a900900000] [id=11112]
  0x000002005cac1450 ConcurrentGCThread "G1 Refine#2" [stack: 0x000000a900900000,0x000000a900a00000] [id=26140]
  0x000002005b150480 ConcurrentGCThread "G1 Service" [stack: 0x000000a97e800000,0x000000a97e900000] [id=25348]

Threads with active compile tasks:
C2 CompilerThread0     4752 1623       4       java.lang.invoke.MethodType::makeImpl (109 bytes)

VM state: not at safepoint (normal execution)

VM Mutex/Monitor currently owned by a thread: None

Heap address: 0x000000008be00000, size: 1858 MB, Compressed Oops mode: 32-bit

CDS archive(s) mapped at: [0x0000000800000000-0x0000000800bd0000-0x0000000800bd0000), size 12386304, SharedBaseAddress: 0x0000000800000000, ArchiveRelocationMode: 0.
Compressed class space mapped at: 0x0000000800c00000-0x0000000840c00000, reserved size: 1073741824
Narrow klass base: 0x0000000800000000, Narrow klass shift: 0, Narrow klass range: 0x100000000

GC Precious Log:
 CPUs: 8 total, 8 available
 Memory: 7424M
 Large Page Support: Disabled
 NUMA Support: Disabled
 Compressed Oops: Enabled (32-bit)
 Heap Region Size: 1M
 Heap Min Capacity: 8M
 Heap Initial Capacity: 118M
 Heap Max Capacity: 1858M
 Pre-touch: Disabled
 Parallel Workers: 8
 Concurrent Workers: 2
 Concurrent Refinement Workers: 8
 Periodic GC: Disabled

Heap:
 garbage-first heap   total 120832K, used 12581K [0x000000008be00000, 0x0000000100000000)
  region size 1024K, 10 young (10240K), 3 survivors (3072K)
 Metaspace       used 11628K, committed 11904K, reserved 1064960K
  class space    used 1415K, committed 1536K, reserved 1048576K

Heap Regions: E=young(eden), S=young(survivor), O=old, HS=humongous(starts), HC=humongous(continues), CS=collection set, F=free, OA=open archive, CA=closed archive, TAMS=top-at-mark-start (previous, next)
|   0|0x000000008be00000, 0x000000008bf00000, 0x000000008bf00000|100%|HS|  |TAMS 0x000000008be00000, 0x000000008be00000| Complete 
|   1|0x000000008bf00000, 0x000000008c000000, 0x000000008c000000|100%| O|  |TAMS 0x000000008bf00000, 0x000000008bf00000| Untracked 
|   2|0x000000008c000000, 0x000000008c100000, 0x000000008c100000|100%| O|  |TAMS 0x000000008c000000, 0x000000008c000000| Untracked 
|   3|0x000000008c100000, 0x000000008c149400, 0x000000008c200000| 28%| O|  |TAMS 0x000000008c100000, 0x000000008c100000| Untracked 
|   4|0x000000008c200000, 0x000000008c200000, 0x000000008c300000|  0%| F|  |TAMS 0x000000008c200000, 0x000000008c200000| Untracked 
|   5|0x000000008c300000, 0x000000008c300000, 0x000000008c400000|  0%| F|  |TAMS 0x000000008c300000, 0x000000008c300000| Untracked 
|   6|0x000000008c400000, 0x000000008c400000, 0x000000008c500000|  0%| F|  |TAMS 0x000000008c400000, 0x000000008c400000| Untracked 
|   7|0x000000008c500000, 0x000000008c500000, 0x000000008c600000|  0%| F|  |TAMS 0x000000008c500000, 0x000000008c500000| Untracked 
|   8|0x000000008c600000, 0x000000008c600000, 0x000000008c700000|  0%| F|  |TAMS 0x000000008c600000, 0x000000008c600000| Untracked 
|   9|0x000000008c700000, 0x000000008c700000, 0x000000008c800000|  0%| F|  |TAMS 0x000000008c700000, 0x000000008c700000| Untracked 
|  10|0x000000008c800000, 0x000000008c800000, 0x000000008c900000|  0%| F|  |TAMS 0x000000008c800000, 0x000000008c800000| Untracked 
|  11|0x000000008c900000, 0x000000008c900000, 0x000000008ca00000|  0%| F|  |TAMS 0x000000008c900000, 0x000000008c900000| Untracked 
|  12|0x000000008ca00000, 0x000000008ca00000, 0x000000008cb00000|  0%| F|  |TAMS 0x000000008ca00000, 0x000000008ca00000| Untracked 
|  13|0x000000008cb00000, 0x000000008cb00000, 0x000000008cc00000|  0%| F|  |TAMS 0x000000008cb00000, 0x000000008cb00000| Untracked 
|  14|0x000000008cc00000, 0x000000008cc00000, 0x000000008cd00000|  0%| F|  |TAMS 0x000000008cc00000, 0x000000008cc00000| Untracked 
|  15|0x000000008cd00000, 0x000000008cd00000, 0x000000008ce00000|  0%| F|  |TAMS 0x000000008cd00000, 0x000000008cd00000| Untracked 
|  16|0x000000008ce00000, 0x000000008ce00000, 0x000000008cf00000|  0%| F|  |TAMS 0x000000008ce00000, 0x000000008ce00000| Untracked 
|  17|0x000000008cf00000, 0x000000008cf00000, 0x000000008d000000|  0%| F|  |TAMS 0x000000008cf00000, 0x000000008cf00000| Untracked 
|  18|0x000000008d000000, 0x000000008d000000, 0x000000008d100000|  0%| F|  |TAMS 0x000000008d000000, 0x000000008d000000| Untracked 
|  19|0x000000008d100000, 0x000000008d100000, 0x000000008d200000|  0%| F|  |TAMS 0x000000008d100000, 0x000000008d100000| Untracked 
|  20|0x000000008d200000, 0x000000008d200000, 0x000000008d300000|  0%| F|  |TAMS 0x000000008d200000, 0x000000008d200000| Untracked 
|  21|0x000000008d300000, 0x000000008d300000, 0x000000008d400000|  0%| F|  |TAMS 0x000000008d300000, 0x000000008d300000| Untracked 
|  22|0x000000008d400000, 0x000000008d400000, 0x000000008d500000|  0%| F|  |TAMS 0x000000008d400000, 0x000000008d400000| Untracked 
|  23|0x000000008d500000, 0x000000008d500000, 0x000000008d600000|  0%| F|  |TAMS 0x000000008d500000, 0x000000008d500000| Untracked 
|  24|0x000000008d600000, 0x000000008d600000, 0x000000008d700000|  0%| F|  |TAMS 0x000000008d600000, 0x000000008d600000| Untracked 
|  25|0x000000008d700000, 0x000000008d700000, 0x000000008d800000|  0%| F|  |TAMS 0x000000008d700000, 0x000000008d700000| Untracked 
|  26|0x000000008d800000, 0x000000008d800000, 0x000000008d900000|  0%| F|  |TAMS 0x000000008d800000, 0x000000008d800000| Untracked 
|  27|0x000000008d900000, 0x000000008d900000, 0x000000008da00000|  0%| F|  |TAMS 0x000000008d900000, 0x000000008d900000| Untracked 
|  28|0x000000008da00000, 0x000000008da00000, 0x000000008db00000|  0%| F|  |TAMS 0x000000008da00000, 0x000000008da00000| Untracked 
|  29|0x000000008db00000, 0x000000008db00000, 0x000000008dc00000|  0%| F|  |TAMS 0x000000008db00000, 0x000000008db00000| Untracked 
|  30|0x000000008dc00000, 0x000000008dc00000, 0x000000008dd00000|  0%| F|  |TAMS 0x000000008dc00000, 0x000000008dc00000| Untracked 
|  31|0x000000008dd00000, 0x000000008dd00000, 0x000000008de00000|  0%| F|  |TAMS 0x000000008dd00000, 0x000000008dd00000| Untracked 
|  32|0x000000008de00000, 0x000000008de00000, 0x000000008df00000|  0%| F|  |TAMS 0x000000008de00000, 0x000000008de00000| Untracked 
|  33|0x000000008df00000, 0x000000008df00000, 0x000000008e000000|  0%| F|  |TAMS 0x000000008df00000, 0x000000008df00000| Untracked 
|  34|0x000000008e000000, 0x000000008e000000, 0x000000008e100000|  0%| F|  |TAMS 0x000000008e000000, 0x000000008e000000| Untracked 
|  35|0x000000008e100000, 0x000000008e100000, 0x000000008e200000|  0%| F|  |TAMS 0x000000008e100000, 0x000000008e100000| Untracked 
|  36|0x000000008e200000, 0x000000008e200000, 0x000000008e300000|  0%| F|  |TAMS 0x000000008e200000, 0x000000008e200000| Untracked 
|  37|0x000000008e300000, 0x000000008e300000, 0x000000008e400000|  0%| F|  |TAMS 0x000000008e300000, 0x000000008e300000| Untracked 
|  38|0x000000008e400000, 0x000000008e400000, 0x000000008e500000|  0%| F|  |TAMS 0x000000008e400000, 0x000000008e400000| Untracked 
|  39|0x000000008e500000, 0x000000008e500000, 0x000000008e600000|  0%| F|  |TAMS 0x000000008e500000, 0x000000008e500000| Untracked 
|  40|0x000000008e600000, 0x000000008e600000, 0x000000008e700000|  0%| F|  |TAMS 0x000000008e600000, 0x000000008e600000| Untracked 
|  41|0x000000008e700000, 0x000000008e700000, 0x000000008e800000|  0%| F|  |TAMS 0x000000008e700000, 0x000000008e700000| Untracked 
|  42|0x000000008e800000, 0x000000008e800000, 0x000000008e900000|  0%| F|  |TAMS 0x000000008e800000, 0x000000008e800000| Untracked 
|  43|0x000000008e900000, 0x000000008e900000, 0x000000008ea00000|  0%| F|  |TAMS 0x000000008e900000, 0x000000008e900000| Untracked 
|  44|0x000000008ea00000, 0x000000008ea00000, 0x000000008eb00000|  0%| F|  |TAMS 0x000000008ea00000, 0x000000008ea00000| Untracked 
|  45|0x000000008eb00000, 0x000000008eb00000, 0x000000008ec00000|  0%| F|  |TAMS 0x000000008eb00000, 0x000000008eb00000| Untracked 
|  46|0x000000008ec00000, 0x000000008ec00000, 0x000000008ed00000|  0%| F|  |TAMS 0x000000008ec00000, 0x000000008ec00000| Untracked 
|  47|0x000000008ed00000, 0x000000008ed00000, 0x000000008ee00000|  0%| F|  |TAMS 0x000000008ed00000, 0x000000008ed00000| Untracked 
|  48|0x000000008ee00000, 0x000000008ee00000, 0x000000008ef00000|  0%| F|  |TAMS 0x000000008ee00000, 0x000000008ee00000| Untracked 
|  49|0x000000008ef00000, 0x000000008ef00000, 0x000000008f000000|  0%| F|  |TAMS 0x000000008ef00000, 0x000000008ef00000| Untracked 
|  50|0x000000008f000000, 0x000000008f000000, 0x000000008f100000|  0%| F|  |TAMS 0x000000008f000000, 0x000000008f000000| Untracked 
|  51|0x000000008f100000, 0x000000008f100000, 0x000000008f200000|  0%| F|  |TAMS 0x000000008f100000, 0x000000008f100000| Untracked 
|  52|0x000000008f200000, 0x000000008f200000, 0x000000008f300000|  0%| F|  |TAMS 0x000000008f200000, 0x000000008f200000| Untracked 
|  53|0x000000008f300000, 0x000000008f300000, 0x000000008f400000|  0%| F|  |TAMS 0x000000008f300000, 0x000000008f300000| Untracked 
|  54|0x000000008f400000, 0x000000008f400000, 0x000000008f500000|  0%| F|  |TAMS 0x000000008f400000, 0x000000008f400000| Untracked 
|  55|0x000000008f500000, 0x000000008f500000, 0x000000008f600000|  0%| F|  |TAMS 0x000000008f500000, 0x000000008f500000| Untracked 
|  56|0x000000008f600000, 0x000000008f600000, 0x000000008f700000|  0%| F|  |TAMS 0x000000008f600000, 0x000000008f600000| Untracked 
|  57|0x000000008f700000, 0x000000008f700000, 0x000000008f800000|  0%| F|  |TAMS 0x000000008f700000, 0x000000008f700000| Untracked 
|  58|0x000000008f800000, 0x000000008f800000, 0x000000008f900000|  0%| F|  |TAMS 0x000000008f800000, 0x000000008f800000| Untracked 
|  59|0x000000008f900000, 0x000000008f900000, 0x000000008fa00000|  0%| F|  |TAMS 0x000000008f900000, 0x000000008f900000| Untracked 
|  60|0x000000008fa00000, 0x000000008fa00000, 0x000000008fb00000|  0%| F|  |TAMS 0x000000008fa00000, 0x000000008fa00000| Untracked 
|  61|0x000000008fb00000, 0x000000008fb00000, 0x000000008fc00000|  0%| F|  |TAMS 0x000000008fb00000, 0x000000008fb00000| Untracked 
|  62|0x000000008fc00000, 0x000000008fc00000, 0x000000008fd00000|  0%| F|  |TAMS 0x000000008fc00000, 0x000000008fc00000| Untracked 
|  63|0x000000008fd00000, 0x000000008fd00000, 0x000000008fe00000|  0%| F|  |TAMS 0x000000008fd00000, 0x000000008fd00000| Untracked 
|  64|0x000000008fe00000, 0x000000008fe00000, 0x000000008ff00000|  0%| F|  |TAMS 0x000000008fe00000, 0x000000008fe00000| Untracked 
|  65|0x000000008ff00000, 0x000000008ff00000, 0x0000000090000000|  0%| F|  |TAMS 0x000000008ff00000, 0x000000008ff00000| Untracked 
|  66|0x0000000090000000, 0x0000000090000000, 0x0000000090100000|  0%| F|  |TAMS 0x0000000090000000, 0x0000000090000000| Untracked 
|  67|0x0000000090100000, 0x0000000090100000, 0x0000000090200000|  0%| F|  |TAMS 0x0000000090100000, 0x0000000090100000| Untracked 
|  68|0x0000000090200000, 0x0000000090200000, 0x0000000090300000|  0%| F|  |TAMS 0x0000000090200000, 0x0000000090200000| Untracked 
|  69|0x0000000090300000, 0x0000000090300000, 0x0000000090400000|  0%| F|  |TAMS 0x0000000090300000, 0x0000000090300000| Untracked 
|  70|0x0000000090400000, 0x0000000090400000, 0x0000000090500000|  0%| F|  |TAMS 0x0000000090400000, 0x0000000090400000| Untracked 
|  71|0x0000000090500000, 0x0000000090500000, 0x0000000090600000|  0%| F|  |TAMS 0x0000000090500000, 0x0000000090500000| Untracked 
|  72|0x0000000090600000, 0x0000000090600000, 0x0000000090700000|  0%| F|  |TAMS 0x0000000090600000, 0x0000000090600000| Untracked 
|  73|0x0000000090700000, 0x0000000090700000, 0x0000000090800000|  0%| F|  |TAMS 0x0000000090700000, 0x0000000090700000| Untracked 
|  74|0x0000000090800000, 0x0000000090800000, 0x0000000090900000|  0%| F|  |TAMS 0x0000000090800000, 0x0000000090800000| Untracked 
|  75|0x0000000090900000, 0x0000000090900000, 0x0000000090a00000|  0%| F|  |TAMS 0x0000000090900000, 0x0000000090900000| Untracked 
|  76|0x0000000090a00000, 0x0000000090a00000, 0x0000000090b00000|  0%| F|  |TAMS 0x0000000090a00000, 0x0000000090a00000| Untracked 
|  77|0x0000000090b00000, 0x0000000090b00000, 0x0000000090c00000|  0%| F|  |TAMS 0x0000000090b00000, 0x0000000090b00000| Untracked 
|  78|0x0000000090c00000, 0x0000000090c00000, 0x0000000090d00000|  0%| F|  |TAMS 0x0000000090c00000, 0x0000000090c00000| Untracked 
|  79|0x0000000090d00000, 0x0000000090d00000, 0x0000000090e00000|  0%| F|  |TAMS 0x0000000090d00000, 0x0000000090d00000| Untracked 
|  80|0x0000000090e00000, 0x0000000090e00000, 0x0000000090f00000|  0%| F|  |TAMS 0x0000000090e00000, 0x0000000090e00000| Untracked 
|  81|0x0000000090f00000, 0x0000000090f00000, 0x0000000091000000|  0%| F|  |TAMS 0x0000000090f00000, 0x0000000090f00000| Untracked 
|  82|0x0000000091000000, 0x0000000091000000, 0x0000000091100000|  0%| F|  |TAMS 0x0000000091000000, 0x0000000091000000| Untracked 
|  83|0x0000000091100000, 0x0000000091100000, 0x0000000091200000|  0%| F|  |TAMS 0x0000000091100000, 0x0000000091100000| Untracked 
|  84|0x0000000091200000, 0x0000000091200000, 0x0000000091300000|  0%| F|  |TAMS 0x0000000091200000, 0x0000000091200000| Untracked 
|  85|0x0000000091300000, 0x0000000091300000, 0x0000000091400000|  0%| F|  |TAMS 0x0000000091300000, 0x0000000091300000| Untracked 
|  86|0x0000000091400000, 0x0000000091400000, 0x0000000091500000|  0%| F|  |TAMS 0x0000000091400000, 0x0000000091400000| Untracked 
|  87|0x0000000091500000, 0x0000000091500000, 0x0000000091600000|  0%| F|  |TAMS 0x0000000091500000, 0x0000000091500000| Untracked 
|  88|0x0000000091600000, 0x0000000091600000, 0x0000000091700000|  0%| F|  |TAMS 0x0000000091600000, 0x0000000091600000| Untracked 
|  89|0x0000000091700000, 0x0000000091700000, 0x0000000091800000|  0%| F|  |TAMS 0x0000000091700000, 0x0000000091700000| Untracked 
|  90|0x0000000091800000, 0x0000000091800000, 0x0000000091900000|  0%| F|  |TAMS 0x0000000091800000, 0x0000000091800000| Untracked 
|  91|0x0000000091900000, 0x0000000091900000, 0x0000000091a00000|  0%| F|  |TAMS 0x0000000091900000, 0x0000000091900000| Untracked 
|  92|0x0000000091a00000, 0x0000000091b00000, 0x0000000091b00000|100%| S|CS|TAMS 0x0000000091a00000, 0x0000000091a00000| Complete 
|  93|0x0000000091b00000, 0x0000000091c00000, 0x0000000091c00000|100%| S|CS|TAMS 0x0000000091b00000, 0x0000000091b00000| Complete 
|  94|0x0000000091c00000, 0x0000000091d00000, 0x0000000091d00000|100%| S|CS|TAMS 0x0000000091c00000, 0x0000000091c00000| Complete 
|  95|0x0000000091d00000, 0x0000000091d00000, 0x0000000091e00000|  0%| F|  |TAMS 0x0000000091d00000, 0x0000000091d00000| Untracked 
|  96|0x0000000091e00000, 0x0000000091e00000, 0x0000000091f00000|  0%| F|  |TAMS 0x0000000091e00000, 0x0000000091e00000| Untracked 
|  97|0x0000000091f00000, 0x0000000091f00000, 0x0000000092000000|  0%| F|  |TAMS 0x0000000091f00000, 0x0000000091f00000| Untracked 
|  98|0x0000000092000000, 0x0000000092000000, 0x0000000092100000|  0%| F|  |TAMS 0x0000000092000000, 0x0000000092000000| Untracked 
|  99|0x0000000092100000, 0x0000000092100000, 0x0000000092200000|  0%| F|  |TAMS 0x0000000092100000, 0x0000000092100000| Untracked 
| 100|0x0000000092200000, 0x0000000092200000, 0x0000000092300000|  0%| F|  |TAMS 0x0000000092200000, 0x0000000092200000| Untracked 
| 101|0x0000000092300000, 0x0000000092300000, 0x0000000092400000|  0%| F|  |TAMS 0x0000000092300000, 0x0000000092300000| Untracked 
| 102|0x0000000092400000, 0x0000000092400000, 0x0000000092500000|  0%| F|  |TAMS 0x0000000092400000, 0x0000000092400000| Untracked 
| 103|0x0000000092500000, 0x0000000092500000, 0x0000000092600000|  0%| F|  |TAMS 0x0000000092500000, 0x0000000092500000| Untracked 
| 104|0x0000000092600000, 0x0000000092600000, 0x0000000092700000|  0%| F|  |TAMS 0x0000000092600000, 0x0000000092600000| Untracked 
| 105|0x0000000092700000, 0x0000000092700000, 0x0000000092800000|  0%| F|  |TAMS 0x0000000092700000, 0x0000000092700000| Untracked 
| 106|0x0000000092800000, 0x0000000092800000, 0x0000000092900000|  0%| F|  |TAMS 0x0000000092800000, 0x0000000092800000| Untracked 
| 107|0x0000000092900000, 0x0000000092900000, 0x0000000092a00000|  0%| F|  |TAMS 0x0000000092900000, 0x0000000092900000| Untracked 
| 108|0x0000000092a00000, 0x0000000092a00000, 0x0000000092b00000|  0%| F|  |TAMS 0x0000000092a00000, 0x0000000092a00000| Untracked 
| 109|0x0000000092b00000, 0x0000000092b00000, 0x0000000092c00000|  0%| F|  |TAMS 0x0000000092b00000, 0x0000000092b00000| Untracked 
| 110|0x0000000092c00000, 0x0000000092c00000, 0x0000000092d00000|  0%| F|  |TAMS 0x0000000092c00000, 0x0000000092c00000| Untracked 
| 111|0x0000000092d00000, 0x0000000092d7eb68, 0x0000000092e00000| 49%| E|  |TAMS 0x0000000092d00000, 0x0000000092d00000| Complete 
| 112|0x0000000092e00000, 0x0000000092f00000, 0x0000000092f00000|100%| E|CS|TAMS 0x0000000092e00000, 0x0000000092e00000| Complete 
| 113|0x0000000092f00000, 0x0000000093000000, 0x0000000093000000|100%| E|CS|TAMS 0x0000000092f00000, 0x0000000092f00000| Complete 
| 114|0x0000000093000000, 0x0000000093100000, 0x0000000093100000|100%| E|CS|TAMS 0x0000000093000000, 0x0000000093000000| Complete 
| 115|0x0000000093100000, 0x0000000093200000, 0x0000000093200000|100%| E|CS|TAMS 0x0000000093100000, 0x0000000093100000| Complete 
| 116|0x0000000093200000, 0x0000000093300000, 0x0000000093300000|100%| E|CS|TAMS 0x0000000093200000, 0x0000000093200000| Complete 
| 117|0x0000000093300000, 0x0000000093400000, 0x0000000093400000|100%| E|CS|TAMS 0x0000000093300000, 0x0000000093300000| Complete 

Card table byte_map: [0x0000020054720000,0x0000020054ad0000] _byte_map_base: 0x00000200542c1000

Marking Bits (Prev, Next): (CMBitMap*) 0x000002003b70e5e0, (CMBitMap*) 0x000002003b70e620
 Prev Bits: [0x0000020054e80000, 0x0000020056b88000)
 Next Bits: [0x0000020056b90000, 0x0000020058898000)

Polling page: 0x000002003b790000

Metaspace:

Usage:
  Non-class:      9.97 MB used.
      Class:      1.38 MB used.
       Both:     11.36 MB used.

Virtual space:
  Non-class space:       16.00 MB reserved,      10.12 MB ( 63%) committed,  2 nodes.
      Class space:        1.00 GB reserved,       1.50 MB ( <1%) committed,  1 nodes.
             Both:        1.02 GB reserved,      11.62 MB (  1%) committed. 

Chunk freelists:
   Non-Class:  1.44 MB
       Class:  2.36 MB
        Both:  3.80 MB

MaxMetaspaceSize: unlimited
CompressedClassSpaceSize: 1.00 GB
Initial GC threshold: 21.00 MB
Current GC threshold: 21.00 MB
CDS: on
MetaspaceReclaimPolicy: balanced
 - commit_granule_bytes: 65536.
 - commit_granule_words: 8192.
 - virtual_space_node_default_size: 1048576.
 - enlarge_chunks_in_place: 1.
 - new_chunks_are_fully_committed: 0.
 - uncommit_free_chunks: 1.
 - use_allocation_guard: 0.
 - handle_deallocations: 1.


Internal statistics:

num_allocs_failed_limit: 0.
num_arena_births: 222.
num_arena_deaths: 0.
num_vsnodes_births: 3.
num_vsnodes_deaths: 0.
num_space_committed: 186.
num_space_uncommitted: 0.
num_chunks_returned_to_freelist: 0.
num_chunks_taken_from_freelist: 469.
num_chunk_merges: 0.
num_chunk_splits: 275.
num_chunks_enlarged: 179.
num_purges: 0.
num_inconsistent_stats: 0.

CodeHeap 'non-profiled nmethods': size=120000Kb used=513Kb max_used=513Kb free=119486Kb
 bounds [0x000002004cb10000, 0x000002004cd80000, 0x0000020054040000]
CodeHeap 'profiled nmethods': size=120000Kb used=3167Kb max_used=3167Kb free=116832Kb
 bounds [0x0000020045040000, 0x0000020045360000, 0x000002004c570000]
CodeHeap 'non-nmethods': size=5760Kb used=1223Kb max_used=1234Kb free=4536Kb
 bounds [0x000002004c570000, 0x000002004c7e0000, 0x000002004cb10000]
 total_blobs=2174 nmethods=1667 adapters=419
 compilation: enabled
              stopped_count=0, restarted_count=0
 full_count=0

Compilation events (20 events):
Event: 4.592 Thread 0x000002005b2c7030 1661       3       jdk.internal.loader.ClassLoaders$AppClassLoader::defineOrCheckPackage (8 bytes)
Event: 4.593 Thread 0x000002005b2c7030 nmethod 1661 0x000002004534d590 code [0x000002004534d720, 0x000002004534d868]
Event: 4.593 Thread 0x000002005b2c7030 1666   !   3       jdk.internal.loader.Resource::getBytes (244 bytes)
Event: 4.596 Thread 0x000002005b2c7030 nmethod 1666 0x000002004534d910 code [0x000002004534dc00, 0x000002004534f068]
Event: 4.596 Thread 0x000002005b2c7030 1662   !   3       jdk.internal.loader.BuiltinClassLoader::defineOrCheckPackage (94 bytes)
Event: 4.597 Thread 0x000002005b2c7030 nmethod 1662 0x000002004534f910 code [0x000002004534fb80, 0x00000200453504f8]
Event: 4.597 Thread 0x000002005b2c7030 1663       3       jdk.internal.loader.BuiltinClassLoader::getAndVerifyPackage (113 bytes)
Event: 4.600 Thread 0x000002005b2c7030 nmethod 1663 0x0000020045350810 code [0x0000020045350b80, 0x0000020045351da8]
Event: 4.600 Thread 0x000002005b2c7030 1664       3       java.lang.ClassLoader::getDefinedPackage (36 bytes)
Event: 4.601 Thread 0x000002005b2c7030 nmethod 1664 0x0000020045352410 code [0x0000020045352600, 0x0000020045352b88]
Event: 4.601 Thread 0x000002005b2c7030 1665       3       java.util.jar.Manifest::getAttributes (14 bytes)
Event: 4.601 Thread 0x000002005b2c7030 nmethod 1665 0x0000020045352d90 code [0x0000020045352f40, 0x0000020045353228]
Event: 4.607 Thread 0x000002005b2c7030 1667       3       java.net.URI$Parser::at (23 bytes)
Event: 4.608 Thread 0x000002005b2c7030 nmethod 1667 0x0000020045353310 code [0x0000020045353500, 0x0000020045353b38]
Event: 4.608 Thread 0x000002005b2c7030 1668       3       jdk.internal.reflect.Reflection::verifyMemberAccess (200 bytes)
Event: 4.617 Thread 0x000002005b2c7030 nmethod 1668 0x0000020045353e10 code [0x0000020045354380, 0x0000020045356c98]
Event: 4.617 Thread 0x000002005b2c7030 1669       3       jdk.internal.misc.Unsafe::getAndAddLong (27 bytes)
Event: 4.618 Thread 0x000002005b2c7030 nmethod 1669 0x0000020045357810 code [0x00000200453579c0, 0x0000020045357c08]
Event: 4.618 Thread 0x000002005b2c7030 1671       1       java.util.TreeMap::size (5 bytes)
Event: 4.618 Thread 0x000002005b2c7030 nmethod 1671 0x000002004cb90310 code [0x000002004cb904a0, 0x000002004cb90578]

GC Heap History (2 events):
Event: 2.510 GC heap before
{Heap before GC invocations=0 (full 0):
 garbage-first heap   total 120832K, used 24576K [0x000000008be00000, 0x0000000100000000)
  region size 1024K, 23 young (23552K), 0 survivors (0K)
 Metaspace       used 9789K, committed 9984K, reserved 1064960K
  class space    used 1160K, committed 1280K, reserved 1048576K
}
Event: 2.520 GC heap after
{Heap after GC invocations=1 (full 0):
 garbage-first heap   total 120832K, used 6437K [0x000000008be00000, 0x0000000100000000)
  region size 1024K, 3 young (3072K), 3 survivors (3072K)
 Metaspace       used 9789K, committed 9984K, reserved 1064960K
  class space    used 1160K, committed 1280K, reserved 1048576K
}

Deoptimization events (20 events):
Event: 2.566 Thread 0x000002005cbac180 Uncommon trap: trap_request=0xffffffde fr.pc=0x000002004cb85b34 relative=0x0000000000000114
Event: 2.566 Thread 0x000002005cbac180 Uncommon trap: reason=class_check action=maybe_recompile pc=0x000002004cb85b34 method=jdk.internal.misc.Unsafe.allocateUninitializedArray(Ljava/lang/Class;I)Ljava/lang/Object; @ 51 c2
Event: 2.566 Thread 0x000002005cbac180 DEOPT PACKING pc=0x000002004cb85b34 sp=0x000000a900afd3f0
Event: 2.566 Thread 0x000002005cbac180 DEOPT UNPACKING pc=0x000002004c5c5ba3 sp=0x000000a900afd378 mode 2
Event: 2.566 Thread 0x000002005cbac180 Uncommon trap: trap_request=0xffffffde fr.pc=0x000002004cb85b34 relative=0x0000000000000114
Event: 2.566 Thread 0x000002005cbac180 Uncommon trap: reason=class_check action=maybe_recompile pc=0x000002004cb85b34 method=jdk.internal.misc.Unsafe.allocateUninitializedArray(Ljava/lang/Class;I)Ljava/lang/Object; @ 51 c2
Event: 2.566 Thread 0x000002005cbac180 DEOPT PACKING pc=0x000002004cb85b34 sp=0x000000a900afd310
Event: 2.566 Thread 0x000002005cbac180 DEOPT UNPACKING pc=0x000002004c5c5ba3 sp=0x000000a900afd298 mode 2
Event: 4.257 Thread 0x000002003d7c3670 Uncommon trap: trap_request=0xffffffc6 fr.pc=0x000002004cb63710 relative=0x00000000000003d0
Event: 4.257 Thread 0x000002003d7c3670 Uncommon trap: reason=bimorphic_or_optimized_type_check action=maybe_recompile pc=0x000002004cb63710 method=java.util.HashMap.getNode(Ljava/lang/Object;)Ljava/util/HashMap$Node; @ 128 c2
Event: 4.257 Thread 0x000002003d7c3670 DEOPT PACKING pc=0x000002004cb63710 sp=0x000000a97e3fe2b0
Event: 4.257 Thread 0x000002003d7c3670 DEOPT UNPACKING pc=0x000002004c5c5ba3 sp=0x000000a97e3fe228 mode 2
Event: 4.268 Thread 0x000002003d7c3670 DEOPT PACKING pc=0x000002004508bbbe sp=0x000000a97e3fd800
Event: 4.268 Thread 0x000002003d7c3670 DEOPT UNPACKING pc=0x000002004c5c66e3 sp=0x000000a97e3fcc78 mode 0
Event: 4.457 Thread 0x000002003d7c3670 DEOPT PACKING pc=0x0000020045144ea7 sp=0x000000a97e3f9330
Event: 4.457 Thread 0x000002003d7c3670 DEOPT UNPACKING pc=0x000002004c5c66e3 sp=0x000000a97e3f8790 mode 0
Event: 4.464 Thread 0x000002003d7c3670 Uncommon trap: trap_request=0xffffffc6 fr.pc=0x000002004cb63710 relative=0x00000000000003d0
Event: 4.464 Thread 0x000002003d7c3670 Uncommon trap: reason=bimorphic_or_optimized_type_check action=maybe_recompile pc=0x000002004cb63710 method=java.util.HashMap.getNode(Ljava/lang/Object;)Ljava/util/HashMap$Node; @ 128 c2
Event: 4.464 Thread 0x000002003d7c3670 DEOPT PACKING pc=0x000002004cb63710 sp=0x000000a97e3fe380
Event: 4.464 Thread 0x000002003d7c3670 DEOPT UNPACKING pc=0x000002004c5c5ba3 sp=0x000000a97e3fe2f8 mode 2

Classes unloaded (0 events):
No events

Classes redefined (0 events):
No events

Internal exceptions (20 events):
Event: 2.028 Thread 0x000002003d7c3670 Exception <a 'java/lang/IncompatibleClassChangeError'{0x00000000927ef4f8}: Found class java.lang.Object, but interface was expected> (0x00000000927ef4f8) 
thrown [s\open\src\hotspot\share\interpreter\linkResolver.cpp, line 826]
Event: 2.165 Thread 0x000002003d7c3670 Exception <a 'java/lang/NoSuchMethodError'{0x00000000923f3680}: 'java.lang.Object java.lang.invoke.DirectMethodHandle$Holder.invokeStaticInit(java.lang.Object, int, int, int, int)'> (0x00000000923f3680) 
thrown [s\open\src\hotspot\share\interpreter\linkResolver.cpp, line 759]
Event: 2.217 Thread 0x000002003d7c3670 Exception <a 'java/lang/NoSuchMethodError'{0x00000000922c9210}: 'java.lang.Object java.lang.invoke.DirectMethodHandle$Holder.invokeStaticInit(java.lang.Object, java.lang.Object, int, int, int, int)'> (0x00000000922c9210) 
thrown [s\open\src\hotspot\share\interpreter\linkResolver.cpp, line 759]
Event: 2.326 Thread 0x000002003d7c3670 Exception <a 'java/lang/NoSuchMethodError'{0x000000009204b368}: 'java.lang.Object java.lang.invoke.DirectMethodHandle$Holder.invokeInterface(java.lang.Object, java.lang.Object, java.lang.Object)'> (0x000000009204b368) 
thrown [s\open\src\hotspot\share\interpreter\linkResolver.cpp, line 759]
Event: 2.327 Thread 0x000002003d7c3670 Exception <a 'java/lang/IncompatibleClassChangeError'{0x000000009204ea30}: Found class java.lang.Object, but interface was expected> (0x000000009204ea30) 
thrown [s\open\src\hotspot\share\interpreter\linkResolver.cpp, line 826]
Event: 2.328 Thread 0x000002003d7c3670 Exception <a 'java/lang/NoSuchMethodError'{0x0000000092056c30}: 'int java.lang.invoke.DirectMethodHandle$Holder.invokeSpecialIFC(java.lang.Object, java.lang.Object, java.lang.Object, java.lang.Object)'> (0x0000000092056c30) 
thrown [s\open\src\hotspot\share\interpreter\linkResolver.cpp, line 759]
Event: 2.333 Thread 0x000002003d7c3670 Exception <a 'java/lang/NoSuchMethodError'{0x000000009207bdc0}: 'java.lang.Object java.lang.invoke.DirectMethodHandle$Holder.invokeVirtual(java.lang.Object, java.lang.Object, java.lang.Object, java.lang.Object)'> (0x000000009207bdc0) 
thrown [s\open\src\hotspot\share\interpreter\linkResolver.cpp, line 759]
Event: 2.365 Thread 0x000002005b2b7d20 Exception <a 'java/net/ConnectException'{0x0000000091f7e5a0}: Connection refused: no further information> (0x0000000091f7e5a0) 
thrown [s\open\src\hotspot\share\prims\jni.cpp, line 535]
Event: 2.365 Thread 0x000002005b2b7d20 Exception <a 'java/net/SocketException'{0x0000000091f7e8d8}: Socket is not connected: shutdown> (0x0000000091f7e8d8) 
thrown [s\open\src\hotspot\share\prims\jni.cpp, line 535]
Event: 2.385 Thread 0x000002005b2b7d20 Exception <a 'java/net/ConnectException'{0x0000000091f7f8d0}: Connection refused: no further information> (0x0000000091f7f8d0) 
thrown [s\open\src\hotspot\share\prims\jni.cpp, line 535]
Event: 2.385 Thread 0x000002005b2b7d20 Exception <a 'java/net/SocketException'{0x0000000091f7fc08}: Socket is not connected: shutdown> (0x0000000091f7fc08) 
thrown [s\open\src\hotspot\share\prims\jni.cpp, line 535]
Event: 2.448 Thread 0x000002003d7c3670 Exception <a 'java/lang/NoSuchMethodError'{0x0000000091e73eb8}: 'java.lang.Object java.lang.invoke.DirectMethodHandle$Holder.newInvokeSpecial(java.lang.Object, java.lang.Object, int, int)'> (0x0000000091e73eb8) 
thrown [s\open\src\hotspot\share\interpreter\linkResolver.cpp, line 759]
Event: 2.449 Thread 0x000002003d7c3670 Exception <a 'java/lang/NoSuchMethodError'{0x0000000091e7ebf0}: 'void java.lang.invoke.DirectMethodHandle$Holder.invokeStatic(java.lang.Object, java.lang.Object, int)'> (0x0000000091e7ebf0) 
thrown [s\open\src\hotspot\share\interpreter\linkResolver.cpp, line 759]
Event: 2.461 Thread 0x000002003d7c3670 Exception <a 'java/lang/NoSuchMethodError'{0x0000000091ef8ae8}: 'java.lang.Object java.lang.invoke.DirectMethodHandle$Holder.newInvokeSpecial(java.lang.Object, java.lang.Object, java.lang.Object, java.lang.Object, java.lang.Object)'> (0x0000000091ef8ae8) 
thrown [s\open\src\hotspot\share\interpreter\linkResolver.cpp, line 759]
Event: 2.524 Thread 0x000002005b2b86c0 Exception <a 'java/lang/NoSuchMethodError'{0x000000009331a560}: 'java.lang.Object java.lang.invoke.DirectMethodHandle$Holder.invokeSpecial(java.lang.Object, java.lang.Object, java.lang.Object, java.lang.Object, int)'> (0x000000009331a560) 
thrown [s\open\src\hotspot\share\interpreter\linkResolver.cpp, line 759]
Event: 2.524 Thread 0x000002005b2b86c0 Exception <a 'java/lang/NoSuchMethodError'{0x000000009331e128}: 'java.lang.Object java.lang.invoke.Invokers$Holder.linkToTargetMethod(java.lang.Object, java.lang.Object, int, java.lang.Object)'> (0x000000009331e128) 
thrown [s\open\src\hotspot\share\interpreter\linkResolver.cpp, line 759]
Event: 2.536 Thread 0x000002005b2b86c0 Exception <a 'java/lang/NoSuchMethodError'{0x0000000093341448}: 'void java.lang.invoke.DirectMethodHandle$Holder.invokeSpecial(java.lang.Object, java.lang.Object, java.lang.Object)'> (0x0000000093341448) 
thrown [s\open\src\hotspot\share\interpreter\linkResolver.cpp, line 759]
Event: 2.547 Thread 0x000002005b2b86c0 Exception <a 'java/lang/NoSuchMethodError'{0x0000000093373e88}: 'void java.lang.invoke.DirectMethodHandle$Holder.invokeSpecial(java.lang.Object, java.lang.Object, java.lang.Object, java.lang.Object, java.lang.Object)'> (0x0000000093373e88) 
thrown [s\open\src\hotspot\share\interpreter\linkResolver.cpp, line 759]
Event: 4.185 Thread 0x000002005cbac180 Exception <a 'java/lang/NoSuchMethodError'{0x00000000932e3f98}: 'void java.lang.invoke.DirectMethodHandle$Holder.invokeSpecial(java.lang.Object, java.lang.Object, java.lang.Object, java.lang.Object, java.lang.Object, java.lang.Object, java.lang.Object)'> (0x00000000932e3f98) 
thrown [s\open\src\hotspot\share\interpreter\linkResolver.cpp, line 759]
Event: 4.211 Thread 0x000002003d7c3670 Exception <a 'java/lang/NoSuchMethodError'{0x000000009313b928}: 'java.lang.Object java.lang.invoke.DirectMethodHandle$Holder.invokeSpecialIFC(java.lang.Object, java.lang.Object, java.lang.Object)'> (0x000000009313b928) 
thrown [s\open\src\hotspot\share\interpreter\linkResolver.cpp, line 759]

VM Operations (20 events):
Event: 0.491 Executing VM operation: HandshakeAllThreads
Event: 0.491 Executing VM operation: HandshakeAllThreads done
Event: 1.502 Executing VM operation: Cleanup
Event: 1.502 Executing VM operation: Cleanup done
Event: 1.939 Executing VM operation: HandshakeAllThreads
Event: 1.940 Executing VM operation: HandshakeAllThreads done
Event: 2.093 Executing VM operation: HandshakeAllThreads
Event: 2.093 Executing VM operation: HandshakeAllThreads done
Event: 2.228 Executing VM operation: HandshakeAllThreads
Event: 2.228 Executing VM operation: HandshakeAllThreads done
Event: 2.420 Executing VM operation: HandshakeAllThreads
Event: 2.420 Executing VM operation: HandshakeAllThreads done
Event: 2.422 Executing VM operation: HandshakeAllThreads
Event: 2.422 Executing VM operation: HandshakeAllThreads done
Event: 2.510 Executing VM operation: G1CollectForAllocation
Event: 2.520 Executing VM operation: G1CollectForAllocation done
Event: 3.531 Executing VM operation: Cleanup
Event: 3.531 Executing VM operation: Cleanup done
Event: 4.542 Executing VM operation: Cleanup
Event: 4.557 Executing VM operation: Cleanup done

Events (20 events):
Event: 4.301 loading class java/util/concurrent/locks/AbstractQueuedSynchronizer$ExclusiveNode done
Event: 4.304 Thread 0x000002005cbaecd0 Thread added: 0x000002005cbaecd0
Event: 4.305 Thread 0x000002005cbab7e0 Thread added: 0x000002005cbab7e0
Event: 4.305 Thread 0x000002005cbabcb0 Thread added: 0x000002005cbabcb0
Event: 4.366 loading class java/util/concurrent/locks/ReadWriteLock
Event: 4.366 loading class java/util/concurrent/locks/ReadWriteLock done
Event: 4.369 loading class java/util/concurrent/locks/ReentrantReadWriteLock
Event: 4.370 loading class java/util/concurrent/locks/ReentrantReadWriteLock done
Event: 4.370 loading class java/util/concurrent/locks/ReentrantReadWriteLock$FairSync
Event: 4.370 loading class java/util/concurrent/locks/ReentrantReadWriteLock$Sync
Event: 4.370 loading class java/util/concurrent/locks/ReentrantReadWriteLock$Sync done
Event: 4.371 loading class java/util/concurrent/locks/ReentrantReadWriteLock$FairSync done
Event: 4.371 loading class java/util/concurrent/locks/ReentrantReadWriteLock$Sync$ThreadLocalHoldCounter
Event: 4.371 loading class java/util/concurrent/locks/ReentrantReadWriteLock$Sync$ThreadLocalHoldCounter done
Event: 4.371 loading class java/util/concurrent/locks/ReentrantReadWriteLock$ReadLock
Event: 4.371 loading class java/util/concurrent/locks/ReentrantReadWriteLock$ReadLock done
Event: 4.371 loading class java/util/concurrent/locks/ReentrantReadWriteLock$WriteLock
Event: 4.371 loading class java/util/concurrent/locks/ReentrantReadWriteLock$WriteLock done
Event: 4.388 loading class sun/net/www/HeaderParser
Event: 4.390 loading class sun/net/www/HeaderParser done


Dynamic libraries:
0x00007ff703770000 - 0x00007ff703780000 	C:\Java\jdk-17.0.7\bin\java.exe
0x00007ff84d3f0000 - 0x00007ff84d5e8000 	C:\Windows\SYSTEM32\ntdll.dll
0x00007ff84c550000 - 0x00007ff84c612000 	C:\Windows\System32\KERNEL32.DLL
0x00007ff84aee0000 - 0x00007ff84b1de000 	C:\Windows\System32\KERNELBASE.dll
0x00007ff84ac90000 - 0x00007ff84ad90000 	C:\Windows\System32\ucrtbase.dll
0x00007ff827440000 - 0x00007ff827459000 	C:\Java\jdk-17.0.7\bin\jli.dll
0x00007ff8269a0000 - 0x00007ff8269bb000 	C:\Java\jdk-17.0.7\bin\VCRUNTIME140.dll
0x00007ff84b490000 - 0x00007ff84b542000 	C:\Windows\System32\ADVAPI32.dll
0x00007ff84c7e0000 - 0x00007ff84c87e000 	C:\Windows\System32\msvcrt.dll
0x00007ff84d2e0000 - 0x00007ff84d380000 	C:\Windows\System32\sechost.dll
0x00007ff84c420000 - 0x00007ff84c543000 	C:\Windows\System32\RPCRT4.dll
0x00007ff84b1e0000 - 0x00007ff84b207000 	C:\Windows\System32\bcrypt.dll
0x00007ff84c190000 - 0x00007ff84c32d000 	C:\Windows\System32\USER32.dll
0x00007ff84ac10000 - 0x00007ff84ac32000 	C:\Windows\System32\win32u.dll
0x00007ff84c7b0000 - 0x00007ff84c7db000 	C:\Windows\System32\GDI32.dll
0x00007ff8496d0000 - 0x00007ff84996a000 	C:\Windows\WinSxS\amd64_microsoft.windows.common-controls_6595b64144ccf1df_6.0.19041.4355_none_60b8b9eb71f62e16\COMCTL32.dll
0x00007ff84aa60000 - 0x00007ff84ab77000 	C:\Windows\System32\gdi32full.dll
0x00007ff84ad90000 - 0x00007ff84ae2d000 	C:\Windows\System32\msvcp_win.dll
0x00007ff8434f0000 - 0x00007ff8434fa000 	C:\Windows\SYSTEM32\VERSION.dll
0x00007ff84ccf0000 - 0x00007ff84cd1f000 	C:\Windows\System32\IMM32.DLL
0x00007ff843180000 - 0x00007ff84318c000 	C:\Java\jdk-17.0.7\bin\vcruntime140_1.dll
0x00007ff818230000 - 0x00007ff8182be000 	C:\Java\jdk-17.0.7\bin\msvcp140.dll
0x00007ff80b0d0000 - 0x00007ff80bcad000 	C:\Java\jdk-17.0.7\bin\server\jvm.dll
0x00007ff84c180000 - 0x00007ff84c188000 	C:\Windows\System32\PSAPI.DLL
0x00007ff848ef0000 - 0x00007ff848f17000 	C:\Windows\SYSTEM32\WINMM.dll
0x00007ff829f90000 - 0x00007ff829f99000 	C:\Windows\SYSTEM32\WSOCK32.dll
0x00007ff84d270000 - 0x00007ff84d2db000 	C:\Windows\System32\ws2_32.DLL
0x00007ff8488c0000 - 0x00007ff8488d2000 	C:\Windows\SYSTEM32\kernel.appcore.dll
0x00007ff8426c0000 - 0x00007ff8426ca000 	C:\Java\jdk-17.0.7\bin\jimage.dll
0x00007ff848380000 - 0x00007ff848564000 	C:\Windows\SYSTEM32\DBGHELP.DLL
0x00007ff827720000 - 0x00007ff827754000 	C:\Windows\SYSTEM32\dbgcore.DLL
0x00007ff84ab80000 - 0x00007ff84ac02000 	C:\Windows\System32\bcryptPrimitives.dll
0x00007ff8434a0000 - 0x00007ff8434ae000 	C:\Java\jdk-17.0.7\bin\instrument.dll
0x00007ff81c560000 - 0x00007ff81c585000 	C:\Java\jdk-17.0.7\bin\java.dll
0x00007ff810500000 - 0x00007ff8105d7000 	C:\Java\jdk-17.0.7\bin\jsvml.dll
0x00007ff84b680000 - 0x00007ff84bdef000 	C:\Windows\System32\SHELL32.dll
0x00007ff848f20000 - 0x00007ff8496c4000 	C:\Windows\SYSTEM32\windows.storage.dll
0x00007ff84cd20000 - 0x00007ff84d073000 	C:\Windows\System32\combase.dll
0x00007ff84a3b0000 - 0x00007ff84a3de000 	C:\Windows\SYSTEM32\Wldp.dll
0x00007ff84bdf0000 - 0x00007ff84bebd000 	C:\Windows\System32\OLEAUT32.dll
0x00007ff84b3e0000 - 0x00007ff84b48d000 	C:\Windows\System32\SHCORE.dll
0x00007ff84c740000 - 0x00007ff84c795000 	C:\Windows\System32\shlwapi.dll
0x00007ff84a990000 - 0x00007ff84a9b4000 	C:\Windows\SYSTEM32\profapi.dll
0x00007ff819a60000 - 0x00007ff819a78000 	C:\Java\jdk-17.0.7\bin\zip.dll
0x00007ff81c5e0000 - 0x00007ff81c5f9000 	C:\Java\jdk-17.0.7\bin\net.dll
0x00007ff8448a0000 - 0x00007ff8449ad000 	C:\Windows\SYSTEM32\WINHTTP.dll
0x00007ff84a190000 - 0x00007ff84a1fa000 	C:\Windows\system32\mswsock.dll
0x00007ff81c390000 - 0x00007ff81c3a6000 	C:\Java\jdk-17.0.7\bin\nio.dll
0x00007ff842700000 - 0x00007ff84271a000 	C:\Program Files\JetBrains\IntelliJ IDEA Community Edition 2023.2.5\bin\breakgen64.dll
0x00007ff849e90000 - 0x00007ff849f5a000 	C:\Windows\SYSTEM32\DNSAPI.dll
0x00007ff849e40000 - 0x00007ff849e7b000 	C:\Windows\SYSTEM32\IPHLPAPI.DLL
0x00007ff84c7a0000 - 0x00007ff84c7a8000 	C:\Windows\System32\NSI.dll
0x00007ff8431f0000 - 0x00007ff8431fa000 	C:\Windows\System32\rasadhlp.dll
0x00007ff8444c0000 - 0x00007ff844540000 	C:\Windows\System32\fwpuclnt.dll
0x00007ff82e200000 - 0x00007ff82e20d000 	C:\Java\jdk-17.0.7\bin\sunmscapi.dll
0x00007ff84b280000 - 0x00007ff84b3dc000 	C:\Windows\System32\CRYPT32.dll
0x00007ff84a500000 - 0x00007ff84a527000 	C:\Windows\SYSTEM32\ncrypt.dll
0x0000000077210000 - 0x0000000077235000 	C:\Program Files\Common Files\Crypto Pro\AppCompat\cpcrypt.dll
0x00007ff84a4c0000 - 0x00007ff84a4fb000 	C:\Windows\SYSTEM32\NTASN1.dll
0x00007ff84a3f0000 - 0x00007ff84a408000 	C:\Windows\SYSTEM32\CRYPTSP.dll
0x00000000771f0000 - 0x0000000077209000 	C:\Program Files\Common Files\Crypto Pro\AppCompat\cpadvai.dll
0x00007ff849a60000 - 0x00007ff849a94000 	C:\Windows\system32\rsaenh.dll
0x00007ff84a950000 - 0x00007ff84a97e000 	C:\Windows\SYSTEM32\USERENV.dll
0x00007ff84a320000 - 0x00007ff84a32c000 	C:\Windows\SYSTEM32\CRYPTBASE.dll
0x00007ff844470000 - 0x00007ff844487000 	C:\Windows\SYSTEM32\dhcpcsvc6.DLL
0x00007ff844450000 - 0x00007ff84446d000 	C:\Windows\SYSTEM32\dhcpcsvc.DLL
0x00007ff81c5d0000 - 0x00007ff81c5d7000 	C:\Windows\system32\wshunix.dll

dbghelp: loaded successfully - version: 4.0.5 - missing functions: none
symbol engine: initialized successfully - sym options: 0x614 - pdb path: .;C:\Java\jdk-17.0.7\bin;C:\Windows\SYSTEM32;C:\Windows\WinSxS\amd64_microsoft.windows.common-controls_6595b64144ccf1df_6.0.19041.4355_none_60b8b9eb71f62e16;C:\Java\jdk-17.0.7\bin\server;C:\Program Files\JetBrains\IntelliJ IDEA Community Edition 2023.2.5\bin;C:\Program Files\Common Files\Crypto Pro\AppCompat

VM Arguments:
jvm_args: -javaagent:C:\Program Files\JetBrains\IntelliJ IDEA Community Edition 2023.2.5\lib\idea_rt.jar=63585:C:\Program Files\JetBrains\IntelliJ IDEA Community Edition 2023.2.5\bin -Dfile.encoding=UTF-8 
java_command: org.example.Main
java_class_path (initial): C:\Users\ipichurin\IdeaProjects\Request_OD_AD\target\classes;C:\Users\ipichurin\.m2\repository\org\seleniumhq\selenium\selenium-java\4.27.0\selenium-java-4.27.0.jar;C:\Users\ipichurin\.m2\repository\org\seleniumhq\selenium\selenium-api\4.27.0\selenium-api-4.27.0.jar;C:\Users\ipichurin\.m2\repository\org\jspecify\jspecify\1.0.0\jspecify-1.0.0.jar;C:\Users\ipichurin\.m2\repository\org\seleniumhq\selenium\selenium-chrome-driver\4.27.0\selenium-chrome-driver-4.27.0.jar;C:\Users\ipichurin\.m2\repository\com\google\auto\service\auto-service-annotations\1.1.1\auto-service-annotations-1.1.1.jar;C:\Users\ipichurin\.m2\repository\org\seleniumhq\selenium\selenium-chromium-driver\4.27.0\selenium-chromium-driver-4.27.0.jar;C:\Users\ipichurin\.m2\repository\org\seleniumhq\selenium\selenium-json\4.27.0\selenium-json-4.27.0.jar;C:\Users\ipichurin\.m2\repository\org\seleniumhq\selenium\selenium-manager\4.27.0\selenium-manager-4.27.0.jar;C:\Users\ipichurin\.m2\repository\org\seleniumhq\selenium\selenium-devtools-v129\4.27.0\selenium-devtools-v129-4.27.0.jar;C:\Users\ipichurin\.m2\repository\org\seleniumhq\selenium\selenium-devtools-v130\4.27.0\selenium-devtools-v130-4.27.0.jar;C:\Users\ipichurin\.m2\repository\org\seleniumhq\selenium\selenium-devtools-v131\4.27.0\selenium-devtools-v131-4.27.0.jar;C:\Users\ipichurin\.m2\repository\org\seleniumhq\selenium\selenium-devtools-v85\4.27.0\selenium-devtools-v85-4.27.0.jar;C:\Users\ipichurin\.m2\repository\org\seleniumhq\selenium\selenium-edge-driver\4.27.0\selenium-edge-driver-4.27.0.jar;C:\Users\ipichurin\.m2\repository\org\seleniumhq\selenium\selenium-firefox-driver\4.27.0\selenium-firefox-driver-4.27.0.jar;C:\Users\ipichurin\.m2\repository\org\seleniumhq\selenium\selenium-http\4.27.0\selenium-http-4.27.0.jar;C:\Users\ipichurin\.m2\repository\dev\failsafe\failsafe\3.3.2\failsafe-3.3.2.jar;C:\Users\ipichurin\.m2\repository\org\seleniumhq\selenium\selenium-ie-driver\4.27.0\selenium-ie-driver-4.27.0.jar;C:\Users\i
Launcher Type: SUN_STANDARD

[Global flags]
     intx CICompilerCount                          = 4                                         {product} {ergonomic}
     uint ConcGCThreads                            = 2                                         {product} {ergonomic}
     uint G1ConcRefinementThreads                  = 8                                         {product} {ergonomic}
   size_t G1HeapRegionSize                         = 1048576                                   {product} {ergonomic}
    uintx GCDrainStackTargetSize                   = 64                                        {product} {ergonomic}
   size_t InitialHeapSize                          = 123731968                                 {product} {ergonomic}
   size_t MarkStackSize                            = 4194304                                   {product} {ergonomic}
   size_t MaxHeapSize                              = 1948254208                                {product} {ergonomic}
   size_t MaxNewSize                               = 1168113664                                {product} {ergonomic}
   size_t MinHeapDeltaBytes                        = 1048576                                   {product} {ergonomic}
   size_t MinHeapSize                              = 8388608                                   {product} {ergonomic}
    uintx NonNMethodCodeHeapSize                   = 5839372                                {pd product} {ergonomic}
    uintx NonProfiledCodeHeapSize                  = 122909434                              {pd product} {ergonomic}
    uintx ProfiledCodeHeapSize                     = 122909434                              {pd product} {ergonomic}
    uintx ReservedCodeCacheSize                    = 251658240                              {pd product} {ergonomic}
     bool SegmentedCodeCache                       = true                                      {product} {ergonomic}
   size_t SoftMaxHeapSize                          = 1948254208                             {manageable} {ergonomic}
     bool UseCompressedClassPointers               = true                           {product lp64_product} {ergonomic}
     bool UseCompressedOops                        = true                           {product lp64_product} {ergonomic}
     bool UseG1GC                                  = true                                      {product} {ergonomic}
     bool UseLargePagesIndividualAllocation        = false                                  {pd product} {ergonomic}

Logging:
Log output configuration:
 #0: stdout all=warning uptime,level,tags
 #1: stderr all=off uptime,level,tags

Environment Variables:
JAVA_HOME=C:\Java\jdk-17.0.7
PATH=C:\Windows\system32;C:\Windows;C:\Windows\System32\Wbem;C:\Windows\System32\WindowsPowerShell\v1.0\;C:\Windows\System32\OpenSSH\;C:\Program Files\Git\cmd;C:\Java\jdk-17.0.7\bin;;C:\Program Files\Docker\Docker\resources\bin;C:\Users\ipichurin\AppData\Local\Microsoft\WindowsApps;
USERNAME=ipichurin
OS=Windows_NT
PROCESSOR_IDENTIFIER=Intel64 Family 6 Model 140 Stepping 1, GenuineIntel



---------------  S Y S T E M  ---------------

OS:
 Windows 10 , 64 bit Build 19041 (10.0.19041.4957)
OS uptime: 2 days 23:16 hours
Hyper-V role detected

CPU: total 8 (initial active 8) (4 cores per cpu, 2 threads per core) family 6 model 140 stepping 1 microcode 0xac, cx8, cmov, fxsr, ht, mmx, 3dnowpref, sse, sse2, sse3, ssse3, sse4.1, sse4.2, popcnt, lzcnt, tsc, tscinvbit, avx, avx2, aes, erms, clmul, bmi1, bmi2, adx, avx512f, avx512dq, avx512cd, avx512bw, avx512vl, sha, fma, vzeroupper, avx512_vpopcntdq, avx512_vpclmulqdq, avx512_vaes, avx512_vnni, clflush, clflushopt, clwb, avx512_vbmi2, avx512_vbmi, hv

Memory: 4k page, system-wide physical 7424M (183M free)
TotalPageFile size 29952M (AvailPageFile size 6M)
current process WorkingSet (physical memory assigned to process): 96M, peak: 96M
current process commit charge ("private bytes"): 231M, peak: 233M

vm_info: Java HotSpot(TM) 64-Bit Server VM (17.0.7+8-LTS-224) for windows-amd64 JRE (17.0.7+8-LTS-224), built on Feb 28 2023 23:03:02 by "mach5one" with MS VC++ 17.1 (VS2022)

END.
